<?xml version="1.0" encoding="UTF-8" ?>
<testsuite tests="5" failures="0" name="org.project.FactorialTest" time="0.009" errors="0" skipped="0">
  <properties>
[...]
</properties>
  <testcase classname="org.project.FactorialTest" name="test1" time="0.008"/>
  <testcase classname="org.project.FactorialTest" name="test2" time="0.001"/>
  <testcase classname="org.project.FactorialTest" name="test3" time="0"/>
  <testcase classname="org.project.FactorialTest" name="test4" time="0"/>
  <testcase classname="org.project.FactorialTest" name="test5" time="0"/>
</testsuite>